0 info it worked if it ends with ok
1 verbose cli [ '/usr/local/Cellar/node/10.0.0/bin/node',
1 verbose cli   '/usr/local/bin/npm',
1 verbose cli   'run',
1 verbose cli   'transaction' ]
2 info using npm@3.10.10
3 info using node@v6.14.2
4 verbose run-script [ 'pretransaction', 'transaction', 'posttransaction' ]
5 info lifecycle playground-eventsourcing-cqrs@1.0.0~pretransaction: playground-eventsourcing-cqrs@1.0.0
6 silly lifecycle playground-eventsourcing-cqrs@1.0.0~pretransaction: no script for pretransaction, continuing
7 info lifecycle playground-eventsourcing-cqrs@1.0.0~transaction: playground-eventsourcing-cqrs@1.0.0
8 verbose lifecycle playground-eventsourcing-cqrs@1.0.0~transaction: unsafe-perm in lifecycle true
9 verbose lifecycle playground-eventsourcing-cqrs@1.0.0~transaction: PATH: /usr/local/lib/node_modules/npm/bin/node-gyp-bin:/Users/sheggi/projects/playground-eventsourcing-cqrs/node_modules/.bin:/usr/local/Cellar/node/10.0.0/bin:/usr/local/bin:/usr/bin:/bin:/usr/sbin:/sbin:/Users/sheggi/bin:/usr/local/bin:/Users/sheggi/tools:
10 verbose lifecycle playground-eventsourcing-cqrs@1.0.0~transaction: CWD: /Users/sheggi/projects/playground-eventsourcing-cqrs
11 silly lifecycle playground-eventsourcing-cqrs@1.0.0~transaction: Args: [ '-c', 'node ./transaction/service.js' ]
12 silly lifecycle playground-eventsourcing-cqrs@1.0.0~transaction: Returned: code: 1  signal: null
13 info lifecycle playground-eventsourcing-cqrs@1.0.0~transaction: Failed to exec transaction script
14 verbose stack Error: playground-eventsourcing-cqrs@1.0.0 transaction: `node ./transaction/service.js`
14 verbose stack Exit status 1
14 verbose stack     at EventEmitter.<anonymous> (/usr/local/lib/node_modules/npm/lib/utils/lifecycle.js:255:16)
14 verbose stack     at emitTwo (events.js:106:13)
14 verbose stack     at EventEmitter.emit (events.js:191:7)
14 verbose stack     at ChildProcess.<anonymous> (/usr/local/lib/node_modules/npm/lib/utils/spawn.js:40:14)
14 verbose stack     at emitTwo (events.js:106:13)
14 verbose stack     at ChildProcess.emit (events.js:191:7)
14 verbose stack     at maybeClose (internal/child_process.js:920:16)
14 verbose stack     at Process.ChildProcess._handle.onexit (internal/child_process.js:230:5)
15 verbose pkgid playground-eventsourcing-cqrs@1.0.0
16 verbose cwd /Users/sheggi/projects/playground-eventsourcing-cqrs
17 error Darwin 17.6.0
18 error argv "/usr/local/Cellar/node/10.0.0/bin/node" "/usr/local/bin/npm" "run" "transaction"
19 error node v6.14.2
20 error npm  v3.10.10
21 error code ELIFECYCLE
22 error playground-eventsourcing-cqrs@1.0.0 transaction: `node ./transaction/service.js`
22 error Exit status 1
23 error Failed at the playground-eventsourcing-cqrs@1.0.0 transaction script 'node ./transaction/service.js'.
23 error Make sure you have the latest version of node.js and npm installed.
23 error If you do, this is most likely a problem with the playground-eventsourcing-cqrs package,
23 error not with npm itself.
23 error Tell the author that this fails on your system:
23 error     node ./transaction/service.js
23 error You can get information on how to open an issue for this project with:
23 error     npm bugs playground-eventsourcing-cqrs
23 error Or if that isn't available, you can get their info via:
23 error     npm owner ls playground-eventsourcing-cqrs
23 error There is likely additional logging output above.
24 verbose exit [ 1, true ]
